<?xml version="1.0" encoding="UTF-8"?>
<!-- Generated by org.testng.reporters.JUnitReportReporter -->
<testsuite hostname="exe0028" failures="0" tests="11" name="com.truepush.qa.testcases.MaininterfaceTest" time="68.478" errors="1" timestamp="2022-04-04T14:43:47 IST" skipped="0">
  <testcase classname="com.truepush.qa.testcases.MaininterfaceTest" name="verifyCampaignPageLink" time="11.048"/>
  <system-out/>
  <testcase classname="com.truepush.qa.testcases.MaininterfaceTest" name="verifyProfileiconPageLink" time="4.796"/>
  <system-out/>
  <testcase classname="com.truepush.qa.testcases.MaininterfaceTest" name="verifyRSSPageLink" time="7.295"/>
  <system-out/>
  <testcase classname="com.truepush.qa.testcases.MaininterfaceTest" name="verifySegmentsPageLink" time="4.270"/>
  <system-out/>
  <testcase classname="com.truepush.qa.testcases.MaininterfaceTest" name="verifyTemplatesPageLink" time="4.753"/>
  <system-out/>
  <testcase classname="com.truepush.qa.testcases.MaininterfaceTest" name="verifyTriggersPageLink" time="5.677"/>
  <system-out/>
  <testcase classname="com.truepush.qa.testcases.MaininterfaceTest" name="verifySubscribersPageLink" time="5.970"/>
  <system-out/>
  <testcase classname="com.truepush.qa.testcases.MaininterfaceTest" name="verifyCodeIntegrationPageLink" time="6.699"/>
  <system-out/>
  <testcase classname="com.truepush.qa.testcases.MaininterfaceTest" name="verifySettingsPageLink" time="7.188"/>
  <system-out/>
  <testcase classname="com.truepush.qa.testcases.MaininterfaceTest" name="verifyPricingPageLink" time="6.178"/>
  <system-out/>
  <testcase classname="com.truepush.qa.testcases.MaininterfaceTest" name="verfiyTruepushLogo" time="4.604">
    <error type="java.lang.NullPointerException">
      <![CDATA[java.lang.NullPointerException
at com.truepush.qa.utilities.Testut.takeScreenshotAtEndOfTest(Testut.java:40)
at com.truepush.qa.utilities.Webeventlistener.onException(Webeventlistener.java:57)
at java.base/jdk.internal.reflect.NativeMethodAccessorImpl.invoke0(Native Method)
at java.base/jdk.internal.reflect.NativeMethodAccessorImpl.invoke(NativeMethodAccessorImpl.java:62)
at java.base/jdk.internal.reflect.DelegatingMethodAccessorImpl.invoke(DelegatingMethodAccessorImpl.java:43)
at java.base/java.lang.reflect.Method.invoke(Method.java:566)
at org.openqa.selenium.support.events.EventFiringWebDriver.lambda$new$0(EventFiringWebDriver.java:84)
at com.sun.proxy.$Proxy9.onException(Unknown Source)
at org.openqa.selenium.support.events.EventFiringWebDriver$EventFiringWebElement.lambda$new$0(EventFiringWebDriver.java:406)
at com.sun.proxy.$Proxy15.isDisplayed(Unknown Source)
at org.openqa.selenium.support.events.EventFiringWebDriver$EventFiringWebElement.isDisplayed(EventFiringWebDriver.java:470)
at java.base/jdk.internal.reflect.NativeMethodAccessorImpl.invoke0(Native Method)
at java.base/jdk.internal.reflect.NativeMethodAccessorImpl.invoke(NativeMethodAccessorImpl.java:62)
at java.base/jdk.internal.reflect.DelegatingMethodAccessorImpl.invoke(DelegatingMethodAccessorImpl.java:43)
at java.base/java.lang.reflect.Method.invoke(Method.java:566)
at org.openqa.selenium.support.pagefactory.internal.LocatingElementHandler.invoke(LocatingElementHandler.java:51)
at com.sun.proxy.$Proxy14.isDisplayed(Unknown Source)
at com.qa.truepush.pages.Maininterface.truepushlogo(Maininterface.java:118)
at com.truepush.qa.testcases.MaininterfaceTest.verfiyTruepushLogo(MaininterfaceTest.java:61)
at java.base/jdk.internal.reflect.NativeMethodAccessorImpl.invoke0(Native Method)
at java.base/jdk.internal.reflect.NativeMethodAccessorImpl.invoke(NativeMethodAccessorImpl.java:62)
at java.base/jdk.internal.reflect.DelegatingMethodAccessorImpl.invoke(DelegatingMethodAccessorImpl.java:43)
at java.base/java.lang.reflect.Method.invoke(Method.java:566)
at org.testng.internal.MethodInvocationHelper.invokeMethod(MethodInvocationHelper.java:133)
at org.testng.internal.TestInvoker.invokeMethod(TestInvoker.java:598)
at org.testng.internal.TestInvoker.invokeTestMethod(TestInvoker.java:173)
at org.testng.internal.MethodRunner.runInSequence(MethodRunner.java:46)
at org.testng.internal.TestInvoker$MethodInvocationAgent.invoke(TestInvoker.java:824)
at org.testng.internal.TestInvoker.invokeTestMethods(TestInvoker.java:146)
at org.testng.internal.TestMethodWorker.invokeTestMethods(TestMethodWorker.java:146)
at org.testng.internal.TestMethodWorker.run(TestMethodWorker.java:128)
at java.base/java.util.ArrayList.forEach(ArrayList.java:1541)
at org.testng.TestRunner.privateRun(TestRunner.java:794)
at org.testng.TestRunner.run(TestRunner.java:596)
at org.testng.SuiteRunner.runTest(SuiteRunner.java:377)
at org.testng.SuiteRunner.runSequentially(SuiteRunner.java:371)
at org.testng.SuiteRunner.privateRun(SuiteRunner.java:332)
at org.testng.SuiteRunner.run(SuiteRunner.java:276)
at org.testng.SuiteRunnerWorker.runSuite(SuiteRunnerWorker.java:53)
at org.testng.SuiteRunnerWorker.run(SuiteRunnerWorker.java:96)
at org.testng.TestNG.runSuitesSequentially(TestNG.java:1212)
at org.testng.TestNG.runSuitesLocally(TestNG.java:1134)
at org.testng.TestNG.runSuites(TestNG.java:1063)
at org.testng.TestNG.run(TestNG.java:1031)
at org.testng.remote.AbstractRemoteTestNG.run(AbstractRemoteTestNG.java:115)
at org.testng.remote.RemoteTestNG.initAndRun(RemoteTestNG.java:251)
at org.testng.remote.RemoteTestNG.main(RemoteTestNG.java:77)
]]>
    </error>
  </testcase> <!-- verfiyTruepushLogo -->
  <system-out/>
</testsuite> <!-- com.truepush.qa.testcases.MaininterfaceTest -->
