<?xml version="1.0" encoding="UTF-8"?>
<!-- Generated by org.testng.reporters.JUnitReportReporter -->
<testsuite hostname="exe0028" failures="0" tests="1" name="com.truepush.qa.testcases.UsersTest" time="6.325" errors="0" timestamp="2022-04-08T11:58:13 IST" skipped="0">
  <testcase classname="com.truepush.qa.testcases.UsersTest" name="validateAddNewUsersTest" time="6.325"/>
  <system-out/>
</testsuite> <!-- com.truepush.qa.testcases.UsersTest -->
