<?xml version="1.0" encoding="UTF-8"?>
<!-- Generated by org.testng.reporters.JUnitReportReporter -->
<testsuite hostname="exe0028" failures="0" tests="6" name="com.truepush.qa.testcases.DashboardTest" time="49.949" errors="0" timestamp="2022-05-12T14:47:12 IST" skipped="0">
  <testcase classname="com.truepush.qa.testcases.DashboardTest" name="verifyWeeklyStatus" time="8.626"/>
  <system-out/>
  <testcase classname="com.truepush.qa.testcases.DashboardTest" name="verifyRefreshicon" time="5.502"/>
  <system-out/>
  <testcase classname="com.truepush.qa.testcases.DashboardTest" name="verifylast5campaigns" time="5.691"/>
  <system-out/>
  <testcase classname="com.truepush.qa.testcases.DashboardTest" name="verifyallcampaignslink" time="12.081"/>
  <system-out/>
  <testcase classname="com.truepush.qa.testcases.DashboardTest" name="verifylast2daysstats" time="5.656"/>
  <system-out/>
  <testcase classname="com.truepush.qa.testcases.DashboardTest" name="verifytotalsummary" time="12.393"/>
  <system-out/>
</testsuite> <!-- com.truepush.qa.testcases.DashboardTest -->
