<?xml version="1.0" encoding="UTF-8"?>
<!-- Generated by org.testng.reporters.JUnitReportReporter -->
<testsuite hostname="exe0028" failures="0" tests="4" name="com.truepush.qa.testcases.CodeIntegrationPagetest" time="22.623" errors="0" timestamp="2022-04-11T11:35:03 IST" skipped="0">
  <testcase classname="com.truepush.qa.testcases.CodeIntegrationPagetest" name="validateCodeTest" time="5.462"/>
  <system-out/>
  <testcase classname="com.truepush.qa.testcases.CodeIntegrationPagetest" name="validateServiceWorkerTest" time="5.494"/>
  <system-out/>
  <testcase classname="com.truepush.qa.testcases.CodeIntegrationPagetest" name="validateAMPPageTest" time="5.456"/>
  <system-out/>
  <testcase classname="com.truepush.qa.testcases.CodeIntegrationPagetest" name="validateSendCodeTest" time="6.211"/>
  <system-out/>
</testsuite> <!-- com.truepush.qa.testcases.CodeIntegrationPagetest -->
