<?xml version="1.0" encoding="UTF-8"?>
<!-- Generated by org.testng.reporters.JUnitReportReporter -->
<testsuite hostname="exe0028" failures="0" tests="8" name="com.truepush.qa.testcases.PricingTest" time="46.023" errors="0" timestamp="2022-06-13T10:36:42 IST" skipped="0">
  <testcase classname="com.truepush.qa.testcases.PricingTest" name="validateAllProjectSubscribersTest" time="8.993"/>
  <system-out/>
  <testcase classname="com.truepush.qa.testcases.PricingTest" name="validateCurrentProjectSubscribersTest" time="4.029"/>
  <system-out/>
  <testcase classname="com.truepush.qa.testcases.PricingTest" name="validateCurrentProjectTest" time="4.892"/>
  <system-out/>
  <testcase classname="com.truepush.qa.testcases.PricingTest" name="validatePaymentTest" time="5.821"/>
  <system-out/>
  <testcase classname="com.truepush.qa.testcases.PricingTest" name="validatePaymentOverviewTest" time="8.110"/>
  <system-out/>
  <testcase classname="com.truepush.qa.testcases.PricingTest" name="validateAllProjectPricingTest" time="4.763"/>
  <system-out/>
  <testcase classname="com.truepush.qa.testcases.PricingTest" name="validateAllProjectTest" time="5.340"/>
  <system-out/>
  <testcase classname="com.truepush.qa.testcases.PricingTest" name="validateCurrentProjectPricingTest" time="4.075"/>
  <system-out/>
</testsuite> <!-- com.truepush.qa.testcases.PricingTest -->
