<?xml version="1.0" encoding="UTF-8"?>
<!-- Generated by org.testng.reporters.JUnitReportReporter -->
<testsuite hostname="exe0028" failures="0" tests="2" name="com.truepush.qa.testcases.TemplateTest" time="12.772" errors="0" timestamp="2022-04-05T16:30:40 IST" skipped="0">
  <testcase classname="com.truepush.qa.testcases.TemplateTest" name="validateTemplateCreationTest" time="6.072"/>
  <system-out/>
  <testcase classname="com.truepush.qa.testcases.TemplateTest" name="validateTemplate2Test" time="6.700"/>
  <system-out/>
</testsuite> <!-- com.truepush.qa.testcases.TemplateTest -->
