<?xml version="1.0" encoding="UTF-8"?>
<!-- Generated by org.testng.reporters.JUnitReportReporter -->
<testsuite hostname="exe0028" failures="0" tests="2" name="com.truepush.qa.testcases.RegistrationPageTest" time="19.767" errors="0" timestamp="2022-06-20T16:14:30 IST" skipped="0">
  <testcase classname="com.truepush.qa.testcases.RegistrationPageTest" name="validateRegistration" time="1.895"/>
  <system-out/>
  <testcase classname="com.truepush.qa.testcases.RegistrationPageTest" name="validateNewProject" time="17.872"/>
  <system-out/>
</testsuite> <!-- com.truepush.qa.testcases.RegistrationPageTest -->
