<?xml version="1.0" encoding="UTF-8"?>
<!-- Generated by org.testng.reporters.JUnitReportReporter -->
<testsuite hostname="exe0028" failures="0" tests="2" name="com.truepush.qa.testcases.TemplateTest" time="11.225" errors="0" timestamp="2022-06-13T10:36:42 IST" skipped="0">
  <testcase classname="com.truepush.qa.testcases.TemplateTest" name="validateTemplateCreationTest" time="5.948"/>
  <system-out/>
  <testcase classname="com.truepush.qa.testcases.TemplateTest" name="validateSecondTemplateCreationTest" time="5.277"/>
  <system-out/>
</testsuite> <!-- com.truepush.qa.testcases.TemplateTest -->
