<?xml version="1.0" encoding="UTF-8"?>
<!-- Generated by org.testng.reporters.JUnitReportReporter -->
<testsuite hostname="exe0028" failures="0" tests="6" name="com.truepush.qa.testcases.DashboardTest" time="56.739" errors="0" timestamp="2022-06-13T10:36:42 IST" skipped="0">
  <testcase classname="com.truepush.qa.testcases.DashboardTest" name="verifyRefreshiconTest" time="5.642"/>
  <system-out/>
  <testcase classname="com.truepush.qa.testcases.DashboardTest" name="verifylast2daysstatsTest" time="5.960"/>
  <system-out/>
  <testcase classname="com.truepush.qa.testcases.DashboardTest" name="verifyallcampaignslinkTest" time="12.883"/>
  <system-out/>
  <testcase classname="com.truepush.qa.testcases.DashboardTest" name="verifytotalsummaryTest" time="5.693"/>
  <system-out/>
  <testcase classname="com.truepush.qa.testcases.DashboardTest" name="verifylast5campaignsTest" time="20.761"/>
  <system-out/>
  <testcase classname="com.truepush.qa.testcases.DashboardTest" name="verifyWeeklyStatusTest" time="5.800"/>
  <system-out/>
</testsuite> <!-- com.truepush.qa.testcases.DashboardTest -->
