<?xml version="1.0" encoding="UTF-8"?>
<!-- Generated by org.testng.reporters.JUnitReportReporter -->
<testsuite hostname="exe0028" failures="0" tests="5" name="com.truepush.qa.testcases.ProjectPageTest" time="38.543" errors="0" timestamp="2022-03-31T12:14:34 IST" skipped="0">
  <testcase classname="com.truepush.qa.testcases.ProjectPageTest" name="VerifyprojectLink" time="7.117"/>
  <system-out/>
  <testcase classname="com.truepush.qa.testcases.ProjectPageTest" name="Verifyproject2link" time="7.746"/>
  <system-out/>
  <testcase classname="com.truepush.qa.testcases.ProjectPageTest" name="VerifyUsersLink" time="7.339"/>
  <system-out/>
  <testcase classname="com.truepush.qa.testcases.ProjectPageTest" name="VerifyNewProject" time="6.840"/>
  <system-out/>
  <testcase classname="com.truepush.qa.testcases.ProjectPageTest" name="Verifyprofile" time="9.501"/>
  <system-out/>
</testsuite> <!-- com.truepush.qa.testcases.ProjectPageTest -->
