<?xml version="1.0" encoding="UTF-8"?>
<!-- Generated by org.testng.reporters.JUnitReportReporter -->
<testsuite hostname="exe0028" failures="0" tests="1" name="com.truepush.qa.testcases.LoginTest" time="3.855" errors="0" timestamp="2022-05-12T14:47:12 IST" skipped="0">
  <testcase classname="com.truepush.qa.testcases.LoginTest" name="ValidateLogin" time="3.855"/>
  <system-out/>
</testsuite> <!-- com.truepush.qa.testcases.LoginTest -->
