<?xml version="1.0" encoding="UTF-8"?>
<!-- Generated by org.testng.reporters.JUnitReportReporter -->
<testsuite hostname="exe0028" failures="0" tests="1" name="com.truepush.qa.testcases.RegistrationPageTest" time="24.289" errors="0" timestamp="2022-06-28T17:40:14 IST" skipped="0">
  <testcase classname="com.truepush.qa.testcases.RegistrationPageTest" name="validateRegistrationTest" time="24.289"/>
  <system-out/>
</testsuite> <!-- com.truepush.qa.testcases.RegistrationPageTest -->
