<?xml version="1.0" encoding="UTF-8"?>
<!-- Generated by org.testng.reporters.JUnitReportReporter -->
<testsuite hostname="exe0028" failures="0" tests="5" name="com.truepush.qa.testcases.TriggerTest" time="38.852" errors="0" timestamp="2022-06-13T10:36:42 IST" skipped="0">
  <testcase classname="com.truepush.qa.testcases.TriggerTest" name="validateCreateTriggerTest" time="6.599"/>
  <system-out/>
  <testcase classname="com.truepush.qa.testcases.TriggerTest" name="validateCreateTriggerDDTTest" time="5.885"/>
  <system-out/>
  <testcase classname="com.truepush.qa.testcases.TriggerTest" name="validateCreateTriggerDDTTest" time="6.722"/>
  <system-out/>
  <testcase classname="com.truepush.qa.testcases.TriggerTest" name="validateCreateTriggerDDTTest" time="14.095"/>
  <system-out/>
  <testcase classname="com.truepush.qa.testcases.TriggerTest" name="validateCreateTriggerDDTTest" time="5.551"/>
  <system-out/>
</testsuite> <!-- com.truepush.qa.testcases.TriggerTest -->
