<?xml version="1.0" encoding="UTF-8"?>
<!-- Generated by org.testng.reporters.JUnitReportReporter -->
<testsuite hostname="exe0028" failures="0" tests="5" name="com.truepush.qa.testcases.ProjectPageTest" time="27.484" errors="0" timestamp="2022-03-22T18:31:03 IST" skipped="0">
  <testcase classname="com.truepush.qa.testcases.ProjectPageTest" name="VerifyprojectLink" time="5.591"/>
  <system-out/>
  <testcase classname="com.truepush.qa.testcases.ProjectPageTest" name="Verifyproject2link" time="5.522"/>
  <system-out/>
  <testcase classname="com.truepush.qa.testcases.ProjectPageTest" name="VerifyUsersLink" time="5.467"/>
  <system-out/>
  <testcase classname="com.truepush.qa.testcases.ProjectPageTest" name="VerifyNewProject" time="5.432"/>
  <system-out/>
  <testcase classname="com.truepush.qa.testcases.ProjectPageTest" name="Verifyprofile" time="5.472"/>
  <system-out/>
</testsuite> <!-- com.truepush.qa.testcases.ProjectPageTest -->
