<?xml version="1.0" encoding="UTF-8"?>
<!-- Generated by org.testng.reporters.JUnitReportReporter -->
<testsuite hostname="exe0028" failures="0" tests="8" name="com.truepush.qa.testcases.SubscribersTest" time="40.294" errors="0" timestamp="2022-06-13T10:36:41 IST" skipped="0">
  <testcase classname="com.truepush.qa.testcases.SubscribersTest" name="validateCategoryWiseStatsTest" time="4.472"/>
  <system-out/>
  <testcase classname="com.truepush.qa.testcases.SubscribersTest" name="validateBrowsersWiseSubscribersTest" time="4.853"/>
  <system-out/>
  <testcase classname="com.truepush.qa.testcases.SubscribersTest" name="validatePlatformWiseSubscribersTest" time="4.314"/>
  <system-out/>
  <testcase classname="com.truepush.qa.testcases.SubscribersTest" name="validateCountryWiseSubscribersTest" time="4.565"/>
  <system-out/>
  <testcase classname="com.truepush.qa.testcases.SubscribersTest" name="validateSubscribersIdTest" time="4.806"/>
  <system-out/>
  <testcase classname="com.truepush.qa.testcases.SubscribersTest" name="validateSubscribersDateRangeTest" time="5.077"/>
  <system-out/>
  <testcase classname="com.truepush.qa.testcases.SubscribersTest" name="validateSubscribersStatusTest" time="5.060"/>
  <system-out/>
  <testcase classname="com.truepush.qa.testcases.SubscribersTest" name="validateTestUsersTest" time="7.147"/>
  <system-out/>
</testsuite> <!-- com.truepush.qa.testcases.SubscribersTest -->
