<?xml version="1.0" encoding="UTF-8"?>
<!-- Generated by org.testng.reporters.JUnitReportReporter -->
<testsuite hostname="exe0028" failures="0" tests="8" name="com.truepush.qa.testcases.SubscribersTest" time="88.212" errors="0" timestamp="2022-05-12T14:47:12 IST" skipped="0">
  <testcase classname="com.truepush.qa.testcases.SubscribersTest" name="validateCategoryWiseStatsTest" time="11.802"/>
  <system-out/>
  <testcase classname="com.truepush.qa.testcases.SubscribersTest" name="validateBrowsersWiseSubscribersTest" time="19.952"/>
  <system-out/>
  <testcase classname="com.truepush.qa.testcases.SubscribersTest" name="validatePlatformWiseSubscribersTest" time="5.801"/>
  <system-out/>
  <testcase classname="com.truepush.qa.testcases.SubscribersTest" name="validateCountryWiseSubscribersTest" time="5.834"/>
  <system-out/>
  <testcase classname="com.truepush.qa.testcases.SubscribersTest" name="validateSubscribersIdTest" time="19.593"/>
  <system-out/>
  <testcase classname="com.truepush.qa.testcases.SubscribersTest" name="validateSubscribersDateRangeTest" time="10.306"/>
  <system-out/>
  <testcase classname="com.truepush.qa.testcases.SubscribersTest" name="validateSubscribersStatusTest" time="11.042"/>
  <system-out/>
  <testcase classname="com.truepush.qa.testcases.SubscribersTest" name="validateTestUsersTest" time="3.882"/>
  <system-out/>
</testsuite> <!-- com.truepush.qa.testcases.SubscribersTest -->
