<?xml version="1.0" encoding="UTF-8"?>
<!-- Generated by org.testng.reporters.JUnitReportReporter -->
<testsuite hostname="exe0028" failures="0" tests="1" name="com.truepush.qa.testcases.SettingsTest" time="5.011" errors="0" timestamp="2022-04-08T12:08:30 IST" skipped="0">
  <testcase classname="com.truepush.qa.testcases.SettingsTest" name="validateGDPRTest" time="5.011"/>
  <system-out/>
</testsuite> <!-- com.truepush.qa.testcases.SettingsTest -->
