<?xml version="1.0" encoding="UTF-8"?>
<!-- Generated by org.testng.reporters.JUnitReportReporter -->
<testsuite hostname="exe0028" failures="0" tests="1" name="com.truepush.qa.testcases.MaininterfaceTest" time="10.410" errors="0" timestamp="2022-05-12T18:17:01 IST" skipped="0">
  <testcase classname="com.truepush.qa.testcases.MaininterfaceTest" name="validateCampaignPageLinkTest" time="10.410"/>
  <system-out/>
</testsuite> <!-- com.truepush.qa.testcases.MaininterfaceTest -->
