<?xml version="1.0" encoding="UTF-8"?>
<!-- Generated by org.testng.reporters.JUnitReportReporter -->
<testsuite hostname="exe0028" failures="0" tests="4" name="com.truepush.qa.testcases.CampaignpageTest" time="47.078" errors="0" timestamp="2022-03-23T14:50:12 IST" skipped="0">
  <testcase classname="com.truepush.qa.testcases.CampaignpageTest" name="validateCampaignPage" time="8.951"/>
  <system-out/>
  <testcase classname="com.truepush.qa.testcases.CampaignpageTest" name="validateCampaignPage" time="8.746"/>
  <system-out/>
  <testcase classname="com.truepush.qa.testcases.CampaignpageTest" name="validateCampaignPage" time="8.119"/>
  <system-out/>
  <testcase classname="com.truepush.qa.testcases.CampaignpageTest" name="validateCampaignPage" time="21.262"/>
  <system-out/>
</testsuite> <!-- com.truepush.qa.testcases.CampaignpageTest -->
