<?xml version="1.0" encoding="UTF-8"?>
<!-- Generated by org.testng.reporters.JUnitReportReporter -->
<testsuite hostname="exe0028" failures="0" tests="6" name="com.truepush.qa.testcases.SegmentsTest" time="66.258" errors="0" timestamp="2022-04-06T10:28:21 IST" skipped="0">
  <testcase classname="com.truepush.qa.testcases.SegmentsTest" name="validateSegmentCreationTest" time="7.485"/>
  <system-out/>
  <testcase classname="com.truepush.qa.testcases.SegmentsTest" name="validateSegmentCreationDDTTest" time="34.689"/>
  <system-out/>
  <testcase classname="com.truepush.qa.testcases.SegmentsTest" name="validateSegmentCreationDDTTest" time="6.156"/>
  <system-out/>
  <testcase classname="com.truepush.qa.testcases.SegmentsTest" name="validateSegmentCreationDDTTest" time="5.083"/>
  <system-out/>
  <testcase classname="com.truepush.qa.testcases.SegmentsTest" name="validateSegmentCreationDDTTest" time="7.327"/>
  <system-out/>
  <testcase classname="com.truepush.qa.testcases.SegmentsTest" name="validateSegmentEditFeatureTest" time="5.518"/>
  <system-out/>
</testsuite> <!-- com.truepush.qa.testcases.SegmentsTest -->
