<?xml version="1.0" encoding="UTF-8"?>
<!-- Generated by org.testng.reporters.JUnitReportReporter -->
<testsuite hostname="exe0028" failures="0" tests="5" name="com.truepush.qa.testcases.TriggerTest" time="29.341" errors="0" timestamp="2022-04-06T11:59:28 IST" skipped="0">
  <testcase classname="com.truepush.qa.testcases.TriggerTest" name="createTriggerTest" time="5.631"/>
  <system-out/>
  <testcase classname="com.truepush.qa.testcases.TriggerTest" name="createTriggerDDTTest" time="5.465"/>
  <system-out/>
  <testcase classname="com.truepush.qa.testcases.TriggerTest" name="createTriggerDDTTest" time="5.634"/>
  <system-out/>
  <testcase classname="com.truepush.qa.testcases.TriggerTest" name="createTriggerDDTTest" time="6.013"/>
  <system-out/>
  <testcase classname="com.truepush.qa.testcases.TriggerTest" name="createTriggerDDTTest" time="6.598"/>
  <system-out/>
</testsuite> <!-- com.truepush.qa.testcases.TriggerTest -->
