<?xml version="1.0" encoding="UTF-8"?>
<!-- Generated by org.testng.reporters.JUnitReportReporter -->
<testsuite hostname="exe0028" failures="0" tests="8" name="com.truepush.qa.testcases.ProjectPageTest" time="32.580" errors="0" timestamp="2022-06-29T14:59:13 IST" skipped="0">
  <testcase classname="com.truepush.qa.testcases.ProjectPageTest" name="validateProjectLinkTest" time="3.978"/>
  <system-out/>
  <testcase classname="com.truepush.qa.testcases.ProjectPageTest" name="validateUsersLinkTest" time="4.634"/>
  <system-out/>
  <testcase classname="com.truepush.qa.testcases.ProjectPageTest" name="validateNewProjectTest" time="3.412"/>
  <system-out/>
  <testcase classname="com.truepush.qa.testcases.ProjectPageTest" name="validateSortBySubscriberButtonTest" time="3.182"/>
  <system-out/>
  <testcase classname="com.truepush.qa.testcases.ProjectPageTest" name="validatePlatformTest" time="3.290"/>
  <system-out/>
  <testcase classname="com.truepush.qa.testcases.ProjectPageTest" name="validateCloneProjectTest" time="6.420"/>
  <system-out/>
  <testcase classname="com.truepush.qa.testcases.ProjectPageTest" name="validateTokenInfoTest" time="3.515"/>
  <system-out/>
  <testcase classname="com.truepush.qa.testcases.ProjectPageTest" name="validateDeleteProjectTest" time="4.149"/>
  <system-out/>
</testsuite> <!-- com.truepush.qa.testcases.ProjectPageTest -->
