<?xml version="1.0" encoding="UTF-8"?>
<!-- Generated by org.testng.reporters.JUnitReportReporter -->
<testsuite hostname="exe0028" failures="0" tests="6" name="com.truepush.qa.testcases.SegmentsTest" time="71.677" errors="0" timestamp="2022-04-30T15:21:21 IST" skipped="0">
  <testcase classname="com.truepush.qa.testcases.SegmentsTest" name="validateSegmentCreationTest" time="11.395"/>
  <system-out/>
  <testcase classname="com.truepush.qa.testcases.SegmentsTest" name="validateSegmentCreationDDTTest" time="35.439"/>
  <system-out/>
  <testcase classname="com.truepush.qa.testcases.SegmentsTest" name="validateSegmentCreationDDTTest" time="5.880"/>
  <system-out/>
  <testcase classname="com.truepush.qa.testcases.SegmentsTest" name="validateSegmentCreationDDTTest" time="7.322"/>
  <system-out/>
  <testcase classname="com.truepush.qa.testcases.SegmentsTest" name="validateSegmentCreationDDTTest" time="5.573"/>
  <system-out/>
  <testcase classname="com.truepush.qa.testcases.SegmentsTest" name="validateSegmentEditFeatureTest" time="6.068"/>
  <system-out/>
</testsuite> <!-- com.truepush.qa.testcases.SegmentsTest -->
