<?xml version="1.0" encoding="UTF-8"?>
<!-- Generated by org.testng.reporters.JUnitReportReporter -->
<testsuite hostname="exe0028" failures="0" tests="12" name="com.truepush.qa.testcases.SettingsTest" time="88.445" errors="0" timestamp="2022-06-13T10:36:41 IST" skipped="0">
  <testcase classname="com.truepush.qa.testcases.SettingsTest" name="validateGDPRTest" time="4.230"/>
  <system-out/>
  <testcase classname="com.truepush.qa.testcases.SettingsTest" name="validateRestAPIKeyTest" time="12.528"/>
  <system-out/>
  <testcase classname="com.truepush.qa.testcases.SettingsTest" name="validateAPPIdTest" time="5.122"/>
  <system-out/>
  <testcase classname="com.truepush.qa.testcases.SettingsTest" name="validateRegnerateTokenTest" time="5.113"/>
  <system-out/>
  <testcase classname="com.truepush.qa.testcases.SettingsTest" name="validateMaxmimumNotificaionsInputBoxTest" time="6.174"/>
  <system-out/>
  <testcase classname="com.truepush.qa.testcases.SettingsTest" name="validateSettingsPageTest" time="5.023"/>
  <system-out/>
  <testcase classname="com.truepush.qa.testcases.SettingsTest" name="validateDocumentationLinkTest" time="13.617"/>
  <system-out/>
  <testcase classname="com.truepush.qa.testcases.SettingsTest" name="validateProjecticonTest" time="16.396"/>
  <system-out/>
  <testcase classname="com.truepush.qa.testcases.SettingsTest" name="validateOptinStyleTest" time="4.420"/>
  <system-out/>
  <testcase classname="com.truepush.qa.testcases.SettingsTest" name="validateOptinContentTest" time="4.926"/>
  <system-out/>
  <testcase classname="com.truepush.qa.testcases.SettingsTest" name="validateWelcomenotificationTest" time="5.970"/>
  <system-out/>
  <testcase classname="com.truepush.qa.testcases.SettingsTest" name="validateDefaultSettingsTest" time="4.926"/>
  <system-out/>
</testsuite> <!-- com.truepush.qa.testcases.SettingsTest -->
