<?xml version="1.0" encoding="UTF-8"?>
<!-- Generated by org.testng.reporters.JUnitReportReporter -->
<testsuite hostname="exe0028" failures="0" tests="1" name="com.truepush.qa.testcases.LoginTest" time="15.020" errors="0" timestamp="2022-07-07T15:24:55 IST" skipped="0">
  <testcase classname="com.truepush.qa.testcases.LoginTest" name="validateForgotPasswordLinkTest" time="15.020"/>
  <system-out/>
</testsuite> <!-- com.truepush.qa.testcases.LoginTest -->
