<?xml version="1.0" encoding="UTF-8"?>
<!-- Generated by org.testng.reporters.JUnitReportReporter -->
<testsuite hostname="exe0028" failures="0" tests="2" name="com.truepush.qa.testcases.TemplateTest" time="13.232" errors="0" timestamp="2022-04-06T10:21:41 IST" skipped="0">
  <testcase classname="com.truepush.qa.testcases.TemplateTest" name="validateTemplateCreationTest" time="5.877"/>
  <system-out/>
  <testcase classname="com.truepush.qa.testcases.TemplateTest" name="validateTemplate2Test" time="7.355"/>
  <system-out/>
</testsuite> <!-- com.truepush.qa.testcases.TemplateTest -->
