<?xml version="1.0" encoding="UTF-8"?>
<!-- Generated by org.testng.reporters.JUnitReportReporter -->
<testsuite hostname="exe0028" failures="0" tests="1" name="com.truepush.qa.testcases.SubscribersTest" time="5.653" errors="0" timestamp="2022-04-12T12:11:17 IST" skipped="0">
  <testcase classname="com.truepush.qa.testcases.SubscribersTest" name="validateSubscribersDateRangeTest" time="5.653"/>
  <system-out/>
</testsuite> <!-- com.truepush.qa.testcases.SubscribersTest -->
