<?xml version="1.0" encoding="UTF-8"?>
<!-- Generated by org.testng.reporters.JUnitReportReporter -->
<testsuite hostname="exe0028" failures="0" tests="8" name="com.truepush.qa.testcases.PricingTest" time="42.266" errors="0" timestamp="2022-05-12T14:47:12 IST" skipped="0">
  <testcase classname="com.truepush.qa.testcases.PricingTest" name="validateAllProjectPricingTest" time="3.881"/>
  <system-out/>
  <testcase classname="com.truepush.qa.testcases.PricingTest" name="validateCurrentProjectSubscribersTest" time="4.214"/>
  <system-out/>
  <testcase classname="com.truepush.qa.testcases.PricingTest" name="validatePaymentTest" time="6.281"/>
  <system-out/>
  <testcase classname="com.truepush.qa.testcases.PricingTest" name="validateCurrentProjectPricingTest" time="4.341"/>
  <system-out/>
  <testcase classname="com.truepush.qa.testcases.PricingTest" name="validateAllProjectTest" time="4.916"/>
  <system-out/>
  <testcase classname="com.truepush.qa.testcases.PricingTest" name="validatePaymentOverviewTest" time="10.338"/>
  <system-out/>
  <testcase classname="com.truepush.qa.testcases.PricingTest" name="validateAllProjectSubscribersTest" time="3.640"/>
  <system-out/>
  <testcase classname="com.truepush.qa.testcases.PricingTest" name="validateCurrentProjectTest" time="4.655"/>
  <system-out/>
</testsuite> <!-- com.truepush.qa.testcases.PricingTest -->
