<?xml version="1.0" encoding="UTF-8"?>
<!-- Generated by org.testng.reporters.JUnitReportReporter -->
<testsuite hostname="exe0028" failures="0" tests="6" name="com.truepush.qa.testcases.SegmentsTest" time="33.135" errors="0" timestamp="2022-06-13T10:36:41 IST" skipped="0">
  <testcase classname="com.truepush.qa.testcases.SegmentsTest" name="validateSegmentCreationTest" time="5.549"/>
  <system-out/>
  <testcase classname="com.truepush.qa.testcases.SegmentsTest" name="validateSegmentCreationDDTTest" time="6.652"/>
  <system-out/>
  <testcase classname="com.truepush.qa.testcases.SegmentsTest" name="validateSegmentCreationDDTTest" time="4.993"/>
  <system-out/>
  <testcase classname="com.truepush.qa.testcases.SegmentsTest" name="validateSegmentCreationDDTTest" time="5.635"/>
  <system-out/>
  <testcase classname="com.truepush.qa.testcases.SegmentsTest" name="validateSegmentCreationDDTTest" time="5.438"/>
  <system-out/>
  <testcase classname="com.truepush.qa.testcases.SegmentsTest" name="validateSegmentEditFeatureTest" time="4.868"/>
  <system-out/>
</testsuite> <!-- com.truepush.qa.testcases.SegmentsTest -->
