<?xml version="1.0" encoding="UTF-8"?>
<!-- Generated by org.testng.reporters.JUnitReportReporter -->
<testsuite hostname="exe0028" failures="0" tests="3" name="com.truepush.qa.testcases.NewProjectPageTest" time="17.551" errors="0" timestamp="2022-06-17T15:00:59 IST" skipped="0">
  <testcase classname="com.truepush.qa.testcases.NewProjectPageTest" name="validateNewProjectTest" time="5.420"/>
  <system-out/>
  <testcase classname="com.truepush.qa.testcases.NewProjectPageTest" name="validate" time="7.048"/>
  <system-out/>
  <testcase classname="com.truepush.qa.testcases.NewProjectPageTest" name="validateCodeIntegrationSetUpTEst" time="5.083"/>
  <system-out/>
</testsuite> <!-- com.truepush.qa.testcases.NewProjectPageTest -->
