<?xml version="1.0" encoding="UTF-8"?>
<!-- Generated by org.testng.reporters.JUnitReportReporter -->
<testsuite hostname="exe0028" failures="0" tests="8" name="com.truepush.qa.testcases.PricingTest" time="44.367" errors="0" timestamp="2022-04-06T15:53:10 IST" skipped="0">
  <testcase classname="com.truepush.qa.testcases.PricingTest" name="validatePaymentTest" time="8.734"/>
  <system-out/>
  <testcase classname="com.truepush.qa.testcases.PricingTest" name="validateAllProjectTest" time="4.563"/>
  <system-out/>
  <testcase classname="com.truepush.qa.testcases.PricingTest" name="validateCurrentProjectPricingTest" time="4.271"/>
  <system-out/>
  <testcase classname="com.truepush.qa.testcases.PricingTest" name="validateAllProjectPricingTest" time="6.672"/>
  <system-out/>
  <testcase classname="com.truepush.qa.testcases.PricingTest" name="validateCurrentProjectSubscribersTest" time="5.705"/>
  <system-out/>
  <testcase classname="com.truepush.qa.testcases.PricingTest" name="validateCurrentProjectTest" time="4.725"/>
  <system-out/>
  <testcase classname="com.truepush.qa.testcases.PricingTest" name="validateAllProjectSubscribersTest" time="5.360"/>
  <system-out/>
  <testcase classname="com.truepush.qa.testcases.PricingTest" name="validatePaymentOverviewTest" time="4.337"/>
  <system-out/>
</testsuite> <!-- com.truepush.qa.testcases.PricingTest -->
