<?xml version="1.0" encoding="UTF-8"?>
<!-- Generated by org.testng.reporters.JUnitReportReporter -->
<testsuite hostname="exe0028" failures="0" tests="1" name="com.truepush.qa.testcases.LoginTest" time="5.200" errors="0" timestamp="2022-03-31T12:14:34 IST" skipped="0">
  <testcase classname="com.truepush.qa.testcases.LoginTest" name="ValidateLogin" time="5.200"/>
  <system-out/>
</testsuite> <!-- com.truepush.qa.testcases.LoginTest -->
