<?xml version="1.0" encoding="UTF-8"?>
<!-- Generated by org.testng.reporters.JUnitReportReporter -->
<testsuite hostname="exe0028" failures="0" tests="1" name="com.truepush.qa.testcases.TemplateTestCases" time="0.000" errors="0" timestamp="2022-04-28T14:39:13 IST" skipped="1">
  <testcase classname="com.truepush.qa.testcases.TemplateTestCases" name="validateTempTest" time="0.000">
    <skipped/>
  </testcase> <!-- validateTempTest -->
  <system-out/>
</testsuite> <!-- com.truepush.qa.testcases.TemplateTestCases -->
