<?xml version="1.0" encoding="UTF-8"?>
<!-- Generated by org.testng.reporters.JUnitReportReporter -->
<testsuite hostname="exe0028" failures="0" tests="6" name="com.truepush.qa.testcases.SegmentsTest" time="59.899" errors="0" timestamp="2022-04-05T15:46:28 IST" skipped="0">
  <testcase classname="com.truepush.qa.testcases.SegmentsTest" name="validateSegmentCreationTest" time="7.754"/>
  <system-out/>
  <testcase classname="com.truepush.qa.testcases.SegmentsTest" name="validateSegmentCreationDDTTest" time="11.745"/>
  <system-out/>
  <testcase classname="com.truepush.qa.testcases.SegmentsTest" name="validateSegmentCreationDDTTest" time="9.838"/>
  <system-out/>
  <testcase classname="com.truepush.qa.testcases.SegmentsTest" name="validateSegmentCreationDDTTest" time="10.305"/>
  <system-out/>
  <testcase classname="com.truepush.qa.testcases.SegmentsTest" name="validateSegmentCreationDDTTest" time="8.352"/>
  <system-out/>
  <testcase classname="com.truepush.qa.testcases.SegmentsTest" name="validateSegmentEditFeatureTest" time="11.905"/>
  <system-out/>
</testsuite> <!-- com.truepush.qa.testcases.SegmentsTest -->
